<?xml version="1.0" encoding="UTF-8"?>
<testng-results skipped="0" failed="0" ignored="0" total="2" passed="2">
  <reporter-output>
  </reporter-output>
  <suite name="Suite" duration-ms="45" started-at="2020-01-26T18:17:38 IST" finished-at="2020-01-26T18:17:38 IST">
    <groups>
    </groups>
    <test name="Test" duration-ms="45" started-at="2020-01-26T18:17:38 IST" finished-at="2020-01-26T18:17:38 IST">
      <class name="Caretool.Caretool.Login">
        <test-method status="PASS" signature="beforeSuite()[pri:0, instance:Caretool.Caretool.Login@527740a2]" name="beforeSuite" is-config="true" duration-ms="1" started-at="2020-01-26T18:17:38 IST" finished-at="2020-01-26T18:17:38 IST">
          <reporter-output>
          </reporter-output>
        </test-method> <!-- beforeSuite -->
        <test-method status="PASS" signature="beforeTest()[pri:0, instance:Caretool.Caretool.Login@527740a2]" name="beforeTest" is-config="true" duration-ms="0" started-at="2020-01-26T18:17:38 IST" finished-at="2020-01-26T18:17:38 IST">
          <reporter-output>
          </reporter-output>
        </test-method> <!-- beforeTest -->
        <test-method status="PASS" signature="beforeClass()[pri:0, instance:Caretool.Caretool.Login@527740a2]" name="beforeClass" is-config="true" duration-ms="0" started-at="2020-01-26T18:17:38 IST" finished-at="2020-01-26T18:17:38 IST">
          <reporter-output>
          </reporter-output>
        </test-method> <!-- beforeClass -->
        <test-method status="PASS" signature="beforeMethod()[pri:0, instance:Caretool.Caretool.Login@527740a2]" name="beforeMethod" is-config="true" duration-ms="0" started-at="2020-01-26T18:17:38 IST" finished-at="2020-01-26T18:17:38 IST">
          <reporter-output>
          </reporter-output>
        </test-method> <!-- beforeMethod -->
        <test-method status="PASS" signature="to_print_testoutput()[pri:0, instance:Caretool.Caretool.Login@527740a2]" name="to_print_testoutput" duration-ms="6" started-at="2020-01-26T18:17:38 IST" finished-at="2020-01-26T18:17:38 IST">
          <reporter-output>
          </reporter-output>
        </test-method> <!-- to_print_testoutput -->
        <test-method status="PASS" signature="afterMethod()[pri:0, instance:Caretool.Caretool.Login@527740a2]" name="afterMethod" is-config="true" duration-ms="1" started-at="2020-01-26T18:17:38 IST" finished-at="2020-01-26T18:17:38 IST">
          <reporter-output>
          </reporter-output>
        </test-method> <!-- afterMethod -->
        <test-method status="PASS" signature="afterClass()[pri:0, instance:Caretool.Caretool.Login@527740a2]" name="afterClass" is-config="true" duration-ms="1" started-at="2020-01-26T18:17:38 IST" finished-at="2020-01-26T18:17:38 IST">
          <reporter-output>
          </reporter-output>
        </test-method> <!-- afterClass -->
        <test-method status="PASS" signature="afterTest()[pri:0, instance:Caretool.Caretool.Login@527740a2]" name="afterTest" is-config="true" duration-ms="0" started-at="2020-01-26T18:17:38 IST" finished-at="2020-01-26T18:17:38 IST">
          <reporter-output>
          </reporter-output>
        </test-method> <!-- afterTest -->
        <test-method status="PASS" signature="afterSuite()[pri:0, instance:Caretool.Caretool.Login@527740a2]" name="afterSuite" is-config="true" duration-ms="0" started-at="2020-01-26T18:17:38 IST" finished-at="2020-01-26T18:17:38 IST">
          <reporter-output>
          </reporter-output>
        </test-method> <!-- afterSuite -->
      </class> <!-- Caretool.Caretool.Login -->
      <class name="Caretool.Caretool.HomePage">
        <test-method status="PASS" signature="beforeSuite()[pri:0, instance:Caretool.Caretool.HomePage@13a5fe33]" name="beforeSuite" is-config="true" duration-ms="11" started-at="2020-01-26T18:17:38 IST" finished-at="2020-01-26T18:17:38 IST">
          <reporter-output>
          </reporter-output>
        </test-method> <!-- beforeSuite -->
        <test-method status="PASS" signature="beforeTest()[pri:0, instance:Caretool.Caretool.HomePage@13a5fe33]" name="beforeTest" is-config="true" duration-ms="1" started-at="2020-01-26T18:17:38 IST" finished-at="2020-01-26T18:17:38 IST">
          <reporter-output>
          </reporter-output>
        </test-method> <!-- beforeTest -->
        <test-method status="PASS" signature="beforeClass()[pri:0, instance:Caretool.Caretool.HomePage@13a5fe33]" name="beforeClass" is-config="true" duration-ms="0" started-at="2020-01-26T18:17:38 IST" finished-at="2020-01-26T18:17:38 IST">
          <reporter-output>
          </reporter-output>
        </test-method> <!-- beforeClass -->
        <test-method status="PASS" signature="beforeMethod()[pri:0, instance:Caretool.Caretool.HomePage@13a5fe33]" name="beforeMethod" is-config="true" duration-ms="1" started-at="2020-01-26T18:17:38 IST" finished-at="2020-01-26T18:17:38 IST">
          <reporter-output>
          </reporter-output>
        </test-method> <!-- beforeMethod -->
        <test-method status="PASS" signature="to_print_homeoutput()[pri:0, instance:Caretool.Caretool.HomePage@13a5fe33]" name="to_print_homeoutput" duration-ms="1" started-at="2020-01-26T18:17:38 IST" finished-at="2020-01-26T18:17:38 IST">
          <reporter-output>
          </reporter-output>
        </test-method> <!-- to_print_homeoutput -->
        <test-method status="PASS" signature="afterMethod()[pri:0, instance:Caretool.Caretool.HomePage@13a5fe33]" name="afterMethod" is-config="true" duration-ms="1" started-at="2020-01-26T18:17:38 IST" finished-at="2020-01-26T18:17:38 IST">
          <reporter-output>
          </reporter-output>
        </test-method> <!-- afterMethod -->
        <test-method status="PASS" signature="afterClass()[pri:0, instance:Caretool.Caretool.HomePage@13a5fe33]" name="afterClass" is-config="true" duration-ms="0" started-at="2020-01-26T18:17:38 IST" finished-at="2020-01-26T18:17:38 IST">
          <reporter-output>
          </reporter-output>
        </test-method> <!-- afterClass -->
        <test-method status="PASS" signature="afterTest()[pri:0, instance:Caretool.Caretool.HomePage@13a5fe33]" name="afterTest" is-config="true" duration-ms="1" started-at="2020-01-26T18:17:38 IST" finished-at="2020-01-26T18:17:38 IST">
          <reporter-output>
          </reporter-output>
        </test-method> <!-- afterTest -->
        <test-method status="PASS" signature="afterSuite()[pri:0, instance:Caretool.Caretool.HomePage@13a5fe33]" name="afterSuite" is-config="true" duration-ms="0" started-at="2020-01-26T18:17:38 IST" finished-at="2020-01-26T18:17:38 IST">
          <reporter-output>
          </reporter-output>
        </test-method> <!-- afterSuite -->
      </class> <!-- Caretool.Caretool.HomePage -->
    </test> <!-- Test -->
  </suite> <!-- Suite -->
</testng-results>
