<?xml version="1.0" encoding="UTF-8"?>
<testng-results skipped="0" failed="0" ignored="0" total="1" passed="1">
  <reporter-output>
  </reporter-output>
  <suite name="Suite" duration-ms="35" started-at="2020-01-26T14:38:46Z" finished-at="2020-01-26T14:38:46Z">
    <groups>
    </groups>
    <test name="Test" duration-ms="35" started-at="2020-01-26T14:38:46Z" finished-at="2020-01-26T14:38:46Z">
      <class name="Test.HomePage">
        <test-method status="PASS" signature="beforeSuite()[pri:0, instance:Test.HomePage@6d00a15d]" name="beforeSuite" is-config="true" duration-ms="10" started-at="2020-01-26T14:38:46Z" finished-at="2020-01-26T14:38:46Z">
          <reporter-output>
          </reporter-output>
        </test-method> <!-- beforeSuite -->
        <test-method status="PASS" signature="beforeTest()[pri:0, instance:Test.HomePage@6d00a15d]" name="beforeTest" is-config="true" duration-ms="0" started-at="2020-01-26T14:38:46Z" finished-at="2020-01-26T14:38:46Z">
          <reporter-output>
          </reporter-output>
        </test-method> <!-- beforeTest -->
        <test-method status="PASS" signature="beforeClass()[pri:0, instance:Test.HomePage@6d00a15d]" name="beforeClass" is-config="true" duration-ms="1" started-at="2020-01-26T14:38:46Z" finished-at="2020-01-26T14:38:46Z">
          <reporter-output>
          </reporter-output>
        </test-method> <!-- beforeClass -->
        <test-method status="PASS" signature="beforeMethod()[pri:0, instance:Test.HomePage@6d00a15d]" name="beforeMethod" is-config="true" duration-ms="1" started-at="2020-01-26T14:38:46Z" finished-at="2020-01-26T14:38:46Z">
          <reporter-output>
          </reporter-output>
        </test-method> <!-- beforeMethod -->
        <test-method status="PASS" signature="to_print_homeoutput()[pri:0, instance:Test.HomePage@6d00a15d]" name="to_print_homeoutput" duration-ms="6" started-at="2020-01-26T14:38:46Z" finished-at="2020-01-26T14:38:46Z">
          <reporter-output>
          </reporter-output>
        </test-method> <!-- to_print_homeoutput -->
        <test-method status="PASS" signature="afterMethod()[pri:0, instance:Test.HomePage@6d00a15d]" name="afterMethod" is-config="true" duration-ms="1" started-at="2020-01-26T14:38:46Z" finished-at="2020-01-26T14:38:46Z">
          <reporter-output>
          </reporter-output>
        </test-method> <!-- afterMethod -->
        <test-method status="PASS" signature="afterClass()[pri:0, instance:Test.HomePage@6d00a15d]" name="afterClass" is-config="true" duration-ms="0" started-at="2020-01-26T14:38:46Z" finished-at="2020-01-26T14:38:46Z">
          <reporter-output>
          </reporter-output>
        </test-method> <!-- afterClass -->
        <test-method status="PASS" signature="afterTest()[pri:0, instance:Test.HomePage@6d00a15d]" name="afterTest" is-config="true" duration-ms="1" started-at="2020-01-26T14:38:46Z" finished-at="2020-01-26T14:38:46Z">
          <reporter-output>
          </reporter-output>
        </test-method> <!-- afterTest -->
        <test-method status="PASS" signature="afterSuite()[pri:0, instance:Test.HomePage@6d00a15d]" name="afterSuite" is-config="true" duration-ms="0" started-at="2020-01-26T14:38:46Z" finished-at="2020-01-26T14:38:46Z">
          <reporter-output>
          </reporter-output>
        </test-method> <!-- afterSuite -->
      </class> <!-- Test.HomePage -->
    </test> <!-- Test -->
  </suite> <!-- Suite -->
</testng-results>
